Hello World
events.js:173
      throw er; // Unhandled 'error' event
      ^

Error: listen EADDRINUSE: address already in use :::5000
    at Server.setupListenHandle [as _listen2] (net.js:1256:14)
    at listenInCluster (net.js:1304:12)
    at Server.listen (net.js:1392:7)
    at new WebSocketServer (/home/ubuntu/Work/TunnelMaster/Server/node_modules/ws/lib/websocket-server.js:72:20)
    at Object.<anonymous> (/home/ubuntu/Work/TunnelMaster/Server/server.js:2:15)
    at Module._compile (internal/modules/cjs/loader.js:799:30)
    at Object.Module._extensions..js (internal/modules/cjs/loader.js:810:10)
    at Module.load (internal/modules/cjs/loader.js:666:32)
    at tryModuleLoad (internal/modules/cjs/loader.js:606:12)
    at Function.Module._load (internal/modules/cjs/loader.js:598:3)
Emitted 'error' event at:
    at Server.emit (events.js:197:13)
    at emitErrorNT (net.js:1283:8)
    at processTicksAndRejections (internal/process/next_tick.js:76:17)
    at process.runNextTicks [as _tickCallback] (internal/process/next_tick.js:51:3)
    at Function.Module.runMain (internal/modules/cjs/loader.js:865:11)
    at internal/main/run_main_module.js:21:11
Hello World
Recieved from  undefined
I lost a client
I lost a client
Recieved from  sender
Recieved from  reciever
Recieved from  reciever
Recieved from  reciever
Recieved from  reciever
Recieved from  sender
I lost a client
I lost a client
Recieved from  undefined
Recieved from  sender
Recieved from  sender
Recieved from  sender
Recieved from  sender
Recieved from  sender
Recieved from  sender
Recieved from  sender
Recieved from  sender
Recieved from  sender
Recieved from  sender
I lost a client
Hello World
Recieved from  reciever
Recieved from  sender
Recieved from  sender
Recieved from  sender
Recieved from  sender
Recieved from  reciever
Recieved from  reciever
Recieved from  reciever
Recieved from  reciever
I lost a client
I lost a client
I lost a client
I lost a client
Recieved from  reciever
Recieved from  sender
I lost a client
I lost a client
